Arguments: 
  /home/pedro/.nvm/versions/node/v14.17.1/bin/node /home/pedro/.nvm/versions/node/v14.17.1/bin/yarn

PATH: 
  /home/pedro/.nvm/versions/node/v14.17.1/bin:/usr/local/sbin:/usr/local/bin:/usr/sbin:/usr/bin:/sbin:/bin:/usr/games:/usr/local/games:/mnt/c/Windows/system32:/mnt/c/Windows:/mnt/c/Windows/System32/Wbem:/mnt/c/Windows/System32/WindowsPowerShell/v1.0/:/mnt/c/Windows/System32/OpenSSH/:/mnt/c/Program Files/TortoiseSVN/bin:/mnt/c/Program Files/PuTTY/:/mnt/c/Users/pedro/AppData/Local/Microsoft/WindowsApps:/mnt/c/Users/pedro/AppData/Local/Programs/Microsoft VS Code/bin:/snap/bin

Yarn version: 
  1.22.10

Node version: 
  14.17.1

Platform: 
  linux x64

Trace: 
  Error: https://registry.yarnpkg.com/@babel/plugin-bugfix-v8-spread-parameters-in-optional-chaining/-/plugin-bugfix-v8-spread-parameters-in-optional-chaining-7.15.4.tgz: ESOCKETTIMEDOUT
      at ClientRequest.<anonymous> (/home/pedro/.nvm/versions/node/v14.17.1/lib/node_modules/yarn/lib/cli.js:141289:19)
      at Object.onceWrapper (events.js:481:28)
      at ClientRequest.emit (events.js:375:28)
      at TLSSocket.emitRequestTimeout (_http_client.js:790:9)
      at Object.onceWrapper (events.js:481:28)
      at TLSSocket.emit (events.js:387:35)
      at TLSSocket.Socket._onTimeout (net.js:484:8)
      at listOnTimeout (internal/timers.js:557:17)
      at processTimers (internal/timers.js:500:7)

npm manifest: 
  {
    "name": "01-github-explorer",
    "version": "1.0.0",
    "main": "index.js",
    "license": "MIT",
    "scripts": {
      "dev": "webpack serve",
      "build": "cross-env NODE_ENV=production webpack",
      "test": "jest --watchAll"
    },
    "dependencies": {
      "react": "^17.0.1",
      "react-dom": "^17.0.1",
      "react-icons": "^4.2.0"
    },
    "devDependencies": {
      "@babel/cli": "^7.12.10",
      "@babel/core": "^7.12.10",
      "@babel/preset-env": "^7.12.11",
      "@babel/preset-react": "^7.12.10",
      "@babel/preset-typescript": "^7.12.7",
      "@pmmmwh/react-refresh-webpack-plugin": "^0.4.3",
      "@testing-library/jest-dom": "^5.11.9",
      "@testing-library/react": "^11.2.5",
      "@types/react-dom": "^17.0.0",
      "babel-loader": "^8.2.2",
      "babel-preset-react-app": "^10.0.0",
      "cross-env": "^7.0.3",
      "css-loader": "^5.0.1",
      "html-webpack-plugin": "^4.5.1",
      "identity-obj-proxy": "^3.0.0",
      "jest": "^26.6.3",
      "node-sass": "^5.0.0",
      "react-app-polyfill": "^2.0.0",
      "react-refresh": "^0.9.0",
      "sass-loader": "^10.1.1",
      "style-loader": "^2.0.0",
      "ts-node": "^9.1.1",
      "typescript": "^4.1.3",
      "webpack": "^5.17.0",
      "webpack-cli": "^4.4.0",
      "webpack-dev-server": "^3.11.2"
    }
  }

yarn manifest: 
  No manifest

Lockfile: 
  No lockfile
